<?xml version="1.0" encoding="UTF-8"?>
<!-- Generated by org.testng.reporters.JUnitReportReporter -->
<testsuite skipped="0" hostname="ip-172-28-67-188.eu-west-1.compute.internal" name="com.api.demo.tests.Comments" tests="2" failures="0" timestamp="17 May 2019 13:55:33 GMT" time="0.497" errors="0">
  <testcase name="invalidEmailTest" time="0.364" classname="com.api.demo.tests.Comments"/>
  <testcase name="validEmailTest" time="0.133" classname="com.api.demo.tests.Comments"/>
</testsuite> <!-- com.api.demo.tests.Comments -->
