<?xml version="1.0" encoding="UTF-8"?>
<!-- Generated by org.testng.reporters.JUnitReportReporter -->
<testsuite skipped="0" hostname="ip-172-28-67-188.eu-west-1.compute.internal" name="com.api.demo.tests.Albums" tests="2" failures="0" timestamp="17 May 2019 13:55:33 GMT" time="1.061" errors="0">
  <testcase name="unableToGetInvalidAlbumTest" time="0.164" classname="com.api.demo.tests.Albums"/>
  <testcase name="getValidAlbumTest" time="0.897" classname="com.api.demo.tests.Albums"/>
</testsuite> <!-- com.api.demo.tests.Albums -->
